[06-Mar-2022 17:23:32] NOTICE: fpm is running, pid 14083
[06-Mar-2022 17:23:32] NOTICE: ready to handle connections
[10-Apr-2022 13:13:00] NOTICE: fpm is running, pid 2128
[10-Apr-2022 13:13:00] NOTICE: ready to handle connections
[18-Jul-2022 13:34:59] NOTICE: Terminating ...
[18-Jul-2022 13:34:59] NOTICE: Terminating ...
[18-Jul-2022 13:34:59] NOTICE: exiting, bye-bye!
[18-Jul-2022 13:40:09] NOTICE: fpm is running, pid 610
[18-Jul-2022 13:40:09] NOTICE: ready to handle connections
[18-Jul-2022 17:16:13] NOTICE: fpm is running, pid 1106
[18-Jul-2022 17:16:13] NOTICE: ready to handle connections
[27-Jun-2023 21:34:08] NOTICE: fpm is running, pid 1413
[27-Jun-2023 21:34:08] NOTICE: ready to handle connections
[27-Jun-2023 21:57:03] NOTICE: Terminating ...
[27-Jun-2023 21:57:03] NOTICE: Terminating ...
[27-Jun-2023 21:57:03] NOTICE: exiting, bye-bye!
[27-Jun-2023 21:57:06] NOTICE: fpm is running, pid 2303
[27-Jun-2023 21:57:06] NOTICE: ready to handle connections
[08-Feb-2025 15:21:15] NOTICE: fpm is running, pid 6978
[08-Feb-2025 15:21:15] NOTICE: ready to handle connections
[08-Feb-2025 15:21:40] NOTICE: Terminating ...
[08-Feb-2025 15:21:40] NOTICE: Terminating ...
[08-Feb-2025 15:21:40] NOTICE: exiting, bye-bye!
[08-Feb-2025 15:50:59] NOTICE: fpm is running, pid 7769
[08-Feb-2025 15:50:59] NOTICE: ready to handle connections
